Using pre-set license
Built from '2020.2/release' branch; Version is '2020.2.1f1 (270dd8c3da1c) revision 2559448'; Using compiler version '192528614'; Build Type 'Release'
OS: 'Windows 10  (10.0.0) 64bit' Language: 'en' Physical Memory: 16196 MB
BatchMode: 1, IsHumanControllingUs: 0, StartBugReporterOnCrash: 0, Is64bit: 1, IsPro: 0

 COMMAND LINE ARGUMENTS:
C:\Program Files\Unity\Editor\Unity.exe
-adb2
-batchMode
-noUpm
-name
AssetImportWorker0
-projectPath
D:/Unity/final-project-bards-and-bastards-team-10/Bards and Bastards
-logFile
Logs/AssetImportWorker0.log
-srvPort
51517
Successfully changed project path to: D:/Unity/final-project-bards-and-bastards-team-10/Bards and Bastards
D:/Unity/final-project-bards-and-bastards-team-10/Bards and Bastards
Using Asset Import Pipeline V2.
Refreshing native plugins compatible for Editor in 20.48 ms, found 0 plugins.
Preloading 0 native plugins for Editor in 0.00 ms.
Initialize engine version: 2020.2.1f1 (270dd8c3da1c)
[Subsystems] Discovering subsystems at path C:/Program Files/Unity/Editor/Data/Resources/UnitySubsystems
[Subsystems] Discovering subsystems at path D:/Unity/final-project-bards-and-bastards-team-10/Bards and Bastards/Assets
GfxDevice: creating device client; threaded=0
Direct3D:
    Version:  Direct3D 11.0 [level 11.1]
    Renderer: NVIDIA GeForce RTX 2060 (ID=0x1f11)
    Vendor:   
    VRAM:     5980 MB
    Driver:   27.21.14.6192
Initialize mono
Mono path[0] = 'C:/Program Files/Unity/Editor/Data/Managed'
Mono path[1] = 'C:/Program Files/Unity/Editor/Data/MonoBleedingEdge/lib/mono/unityjit'
Mono config path = 'C:/Program Files/Unity/Editor/Data/MonoBleedingEdge/etc'
Using monoOptions --debugger-agent=transport=dt_socket,embedding=1,server=y,suspend=n,address=127.0.0.1:56432
Begin MonoManager ReloadAssembly
Registering precompiled unity dll's ...
Register platform support module: C:/Program Files/Unity/Editor/Data/PlaybackEngines/WindowsStandaloneSupport/UnityEditor.WindowsStandalone.Extensions.dll
Registered in 0.002750 seconds.
Native extension for WindowsStandalone target not found
Refreshing native plugins compatible for Editor in 19.74 ms, found 0 plugins.
Preloading 0 native plugins for Editor in 0.00 ms.
Invoked RoslynAnalysisRunner static constructor.
RoslynAnalysisRunner will not be running.
RoslynAnalysisRunner has terminated.
Mono: successfully reloaded assembly
- Completed reload, in  0.878 seconds
Platform modules already initialized, skipping
Registering precompiled user dll's ...
Registered in 0.000506 seconds.
Begin MonoManager ReloadAssembly
Native extension for WindowsStandalone target not found
Refreshing native plugins compatible for Editor in 0.18 ms, found 0 plugins.
Preloading 0 native plugins for Editor in 0.00 ms.
Invoked RoslynAnalysisRunner static constructor.
RoslynAnalysisRunner will not be running.
RoslynAnalysisRunner has terminated.
Mono: successfully reloaded assembly
- Completed reload, in  0.747 seconds
Platform modules already initialized, skipping
========================================================================
Worker process is ready to serve import requests
Launched and connected shader compiler UnityShaderCompiler.exe after 0.03 seconds
Refreshing native plugins compatible for Editor in 0.19 ms, found 0 plugins.
Preloading 0 native plugins for Editor in 0.00 ms.
Unloading 1077 Unused Serialized files (Serialized files now loaded: 0)
System memory in use before: 55.3 MB.
System memory in use after: 55.4 MB.

Unloading 9 unused Assets to reduce memory usage. Loaded Objects now: 1517.
Total: 1.354200 ms (FindLiveObjects: 0.115900 ms CreateObjectMapping: 0.035500 ms MarkObjects: 1.164800 ms  DeleteObjects: 0.037200 ms)

========================================================================
Received Import Request.
  path: Assets
  artifactKey: Guid(00000000000000001000000000000000) Importer(815301076,1909f56bfc062723c751e8b465ee728b)
Start importing Assets using Guid(00000000000000001000000000000000) Importer(815301076,1909f56bfc062723c751e8b465ee728b)  -> (artifact id: 'e1a2c4dac9df7c17871e19a3b74f0e9f') in 0.006658 seconds
  Import took 0.008223 seconds .

========================================================================
Received Import Request.
  Time since last request: 3.613256 seconds.
  path: Assets/Prefabs
  artifactKey: Guid(f84356254a79b9a4ca442a8f07dedb69) Importer(815301076,1909f56bfc062723c751e8b465ee728b)
Start importing Assets/Prefabs using Guid(f84356254a79b9a4ca442a8f07dedb69) Importer(815301076,1909f56bfc062723c751e8b465ee728b)  -> (artifact id: 'a70e359e0c2def55ab42008323921222') in 0.005385 seconds
  Import took 0.007132 seconds .

========================================================================
Received Import Request.
  Time since last request: 0.000893 seconds.
  path: Assets/Prefabs
  artifactKey: Guid(f84356254a79b9a4ca442a8f07dedb69) Importer(815301076,1909f56bfc062723c751e8b465ee728b)
Start importing Assets/Prefabs using Guid(f84356254a79b9a4ca442a8f07dedb69) Importer(815301076,1909f56bfc062723c751e8b465ee728b)  -> (artifact id: 'a70e359e0c2def55ab42008323921222') in 0.001564 seconds
  Import took 0.003283 seconds .

========================================================================
Received Import Request.
  Time since last request: 49.971582 seconds.
  path: Assets/Scenes
  artifactKey: Guid(7923f4e1aa6325545968080d080c088f) Importer(815301076,1909f56bfc062723c751e8b465ee728b)
Start importing Assets/Scenes using Guid(7923f4e1aa6325545968080d080c088f) Importer(815301076,1909f56bfc062723c751e8b465ee728b)  -> (artifact id: 'ae5d577f028a04d701fa4980ff9c20a4') in 0.007003 seconds
  Import took 0.009250 seconds .

========================================================================
Received Import Request.
  Time since last request: 0.678186 seconds.
  path: Assets/Scenes/SampleScene.unity
  artifactKey: Guid(9fc0d4010bbf28b4594072e72b8655ab) Importer(815301076,1909f56bfc062723c751e8b465ee728b)
Start importing Assets/Scenes/SampleScene.unity using Guid(9fc0d4010bbf28b4594072e72b8655ab) Importer(815301076,1909f56bfc062723c751e8b465ee728b)  -> (artifact id: '551398236729f9dfe151f1828208ba7a') in 0.012457 seconds
  Import took 0.014027 seconds .

========================================================================
Received Import Request.
  Time since last request: 18.739932 seconds.
  path: Assets/Scenes/Battle.unity
  artifactKey: Guid(93b7a56193ad87346827dad0adadca77) Importer(815301076,1909f56bfc062723c751e8b465ee728b)
Start importing Assets/Scenes/Battle.unity using Guid(93b7a56193ad87346827dad0adadca77) Importer(815301076,1909f56bfc062723c751e8b465ee728b)  -> (artifact id: '8ef8aafe18a51af3c362892b3fdd8905') in 0.005790 seconds
  Import took 0.007493 seconds .

========================================================================
Received Import Request.
  Time since last request: 5.559695 seconds.
  path: Assets/Prefabs/10x10 Grid.prefab
  artifactKey: Guid(bbbaab57ebfd3224891d0696ba51278d) Importer(815301076,1909f56bfc062723c751e8b465ee728b)
Start importing Assets/Prefabs/10x10 Grid.prefab using Guid(bbbaab57ebfd3224891d0696ba51278d) Importer(815301076,1909f56bfc062723c751e8b465ee728b)  -> (artifact id: '3e6625f1a6f75e18e5cc78aff864032c') in 0.361353 seconds
  Import took 0.363722 seconds .

========================================================================
Received Import Request.
  Time since last request: 0.000148 seconds.
  path: Assets/Prefabs/Tile.prefab
  artifactKey: Guid(bfb145d94ce58e147b9f2de35beed7cc) Importer(815301076,1909f56bfc062723c751e8b465ee728b)
Start importing Assets/Prefabs/Tile.prefab using Guid(bfb145d94ce58e147b9f2de35beed7cc) Importer(815301076,1909f56bfc062723c751e8b465ee728b)  -> (artifact id: 'd6114451b68b389d11b6502decf8cb50') in 0.013835 seconds
  Import took 0.015425 seconds .

========================================================================
Received Import Request.
  Time since last request: 0.004831 seconds.
  path: Assets/Prefabs/Tile.prefab
  artifactKey: Guid(bfb145d94ce58e147b9f2de35beed7cc) Importer(815301076,1909f56bfc062723c751e8b465ee728b)
Start importing Assets/Prefabs/Tile.prefab using Guid(bfb145d94ce58e147b9f2de35beed7cc) Importer(815301076,1909f56bfc062723c751e8b465ee728b)  -> (artifact id: 'd6114451b68b389d11b6502decf8cb50') in 0.007049 seconds
  Import took 0.008751 seconds .

AssetImportWorkerClient::OnTransportError - code=2 error=End of file
